[debug] [2021-07-11T08:36:19.647Z] ----------------------------------------------------------------------
[debug] [2021-07-11T08:36:19.652Z] Command:       C:\Program Files\nodejs\node.exe C:\Program Files\nodejs\node_modules\firebase-tools\lib\bin\firebase.js emulators:start
[debug] [2021-07-11T08:36:19.653Z] CLI Version:   9.14.0
[debug] [2021-07-11T08:36:19.653Z] Platform:      win32
[debug] [2021-07-11T08:36:19.653Z] Node Version:  v14.16.0
[debug] [2021-07-11T08:36:19.662Z] Time:          Sun Jul 11 2021 14:06:19 GMT+0530 (India Standard Time)
[debug] [2021-07-11T08:36:19.662Z] ----------------------------------------------------------------------
[debug] 
[debug] [2021-07-11T08:36:19.679Z] >>> [apiv2][query] GET https://firebase-public.firebaseio.com/cli.json [none]
[debug] [2021-07-11T08:36:19.787Z] > command requires scopes: ["email","openid","https://www.googleapis.com/auth/cloudplatformprojects.readonly","https://www.googleapis.com/auth/firebase","https://www.googleapis.com/auth/cloud-platform"]
[debug] [2021-07-11T08:36:19.787Z] > authorizing via signed-in user (sjainee062@gmail.com)
[info] i  emulators: Starting emulators: functions, hosting {"metadata":{"emulator":{"name":"hub"},"message":"Starting emulators: functions, hosting"}}
[warn] !  emulators: It seems that you are running multiple instances of the emulator suite for project challenge-e2edf. This may result in unexpected behavior. 
[debug] [2021-07-11T08:36:19.903Z] [hub] writing locator at C:\Users\Shubham\AppData\Local\Temp\hub-challenge-e2edf.json
[warn] !  functions: The following emulators are not running, calls to these services from the Functions emulator will affect production: auth, firestore, database, pubsub, storage {"metadata":{"emulator":{"name":"functions"},"message":"The following emulators are not running, calls to these services from the Functions emulator will affect production: \u001b[1mauth, firestore, database, pubsub, storage\u001b[22m"}}
[info] +  functions: Using node@14 from host. {"metadata":{"emulator":{"name":"functions"},"message":"Using node@14 from host."}}
[debug] [2021-07-11T08:36:19.959Z] defaultcredentials: writing to file C:\Users\Shubham\AppData\Roaming\firebase\sjainee062_gmail_com_application_default_credentials.json
[debug] [2021-07-11T08:36:19.965Z] Setting GAC to C:\Users\Shubham\AppData\Roaming\firebase\sjainee062_gmail_com_application_default_credentials.json {"metadata":{"emulator":{"name":"functions"},"message":"Setting GAC to C:\\Users\\Shubham\\AppData\\Roaming\\firebase\\sjainee062_gmail_com_application_default_credentials.json"}}
[debug] [2021-07-11T08:36:19.971Z] > refreshing access token with scopes: []
[debug] [2021-07-11T08:36:19.973Z] >>> HTTP REQUEST POST https://www.googleapis.com/oauth2/v3/token  
 <request body omitted>
[debug] [2021-07-11T08:36:20.364Z] <<< HTTP RESPONSE 200 {"pragma":"no-cache","cache-control":"no-cache, no-store, max-age=0, must-revalidate","date":"Sun, 11 Jul 2021 08:36:21 GMT","expires":"Mon, 01 Jan 1990 00:00:00 GMT","content-type":"application/json; charset=utf-8","vary":"X-Origin, Referer, Origin,Accept-Encoding","server":"scaffolding on HTTPServer2","x-xss-protection":"0","x-frame-options":"SAMEORIGIN","x-content-type-options":"nosniff","alt-svc":"h3=\":443\"; ma=2592000,h3-29=\":443\"; ma=2592000,h3-T051=\":443\"; ma=2592000,h3-Q050=\":443\"; ma=2592000,h3-Q046=\":443\"; ma=2592000,h3-Q043=\":443\"; ma=2592000,quic=\":443\"; ma=2592000; v=\"46,43\"","accept-ranges":"none","transfer-encoding":"chunked"}
[debug] [2021-07-11T08:36:20.461Z] >>> [apiv2][query] GET https://firebase.googleapis.com/v1beta1/projects/challenge-e2edf/adminSdkConfig [none]
[debug] [2021-07-11T08:36:21.409Z] <<< [apiv2][status] GET https://firebase-public.firebaseio.com/cli.json 200
[debug] [2021-07-11T08:36:21.411Z] <<< [apiv2][body] GET https://firebase-public.firebaseio.com/cli.json {"cloudBuildErrorAfter":1594252800000,"cloudBuildWarnAfter":1590019200000,"defaultNode10After":1594252800000,"minVersion":"3.0.5","node8DeploysDisabledAfter":1613390400000,"node8RuntimeDisabledAfter":1615809600000,"node8WarnAfter":1600128000000}
[debug] [2021-07-11T08:36:21.479Z] <<< [apiv2][status] GET https://firebase.googleapis.com/v1beta1/projects/challenge-e2edf/adminSdkConfig 200
[debug] [2021-07-11T08:36:21.480Z] <<< [apiv2][body] GET https://firebase.googleapis.com/v1beta1/projects/challenge-e2edf/adminSdkConfig {"projectId":"challenge-e2edf","storageBucket":"challenge-e2edf.appspot.com","locationId":"us-central"}
[debug] [2021-07-11T08:36:21.523Z] >>> [apiv2][query] GET https://firebasehosting.googleapis.com/v1beta1/projects/challenge-e2edf/sites 
[debug] [2021-07-11T08:36:24.328Z] <<< [apiv2][status] GET https://firebasehosting.googleapis.com/v1beta1/projects/challenge-e2edf/sites 200
[debug] [2021-07-11T08:36:24.328Z] <<< [apiv2][body] GET https://firebasehosting.googleapis.com/v1beta1/projects/challenge-e2edf/sites {"sites":[{"name":"projects/659478015909/sites/challenge-e2edf","defaultUrl":"https://challenge-e2edf.web.app","appId":"1:659478015909:web:7fd4a5d1263084127e424c","type":"DEFAULT_SITE"}]}
[debug] [2021-07-11T08:36:24.330Z] >>> [apiv2][query] GET https://firebase.googleapis.com/v1beta1/projects/challenge-e2edf/webApps/1:659478015909:web:7fd4a5d1263084127e424c/config [none]
[debug] [2021-07-11T08:36:25.919Z] <<< [apiv2][status] GET https://firebase.googleapis.com/v1beta1/projects/challenge-e2edf/webApps/1:659478015909:web:7fd4a5d1263084127e424c/config 200
[debug] [2021-07-11T08:36:25.920Z] <<< [apiv2][body] GET https://firebase.googleapis.com/v1beta1/projects/challenge-e2edf/webApps/1:659478015909:web:7fd4a5d1263084127e424c/config {"projectId":"challenge-e2edf","appId":"1:659478015909:web:7fd4a5d1263084127e424c","storageBucket":"challenge-e2edf.appspot.com","locationId":"us-central","apiKey":"AIzaSyA_QJDr23bnI_3X-tzkGBeTk1iK1kt8P80","authDomain":"challenge-e2edf.firebaseapp.com","messagingSenderId":"659478015909","measurementId":"G-947EY2H47P"}
[info] i  hosting: Serving hosting files from: build {"metadata":{"emulator":{"name":"hosting"},"message":"Serving hosting files from: \u001b[1mbuild\u001b[22m"}}
[info] +  hosting: Local server: http://localhost:5000 {"metadata":{"emulator":{"name":"hosting"},"message":"Local server: \u001b[4m\u001b[1mhttp://localhost:5000\u001b[22m\u001b[24m"}}
[warn] !  ui: Emulator UI unable to start on port 4000, starting on 4001 instead. {"metadata":{"emulator":{"name":"ui"},"message":"Emulator UI unable to start on port 4000, starting on 4001 instead."}}
[debug] [2021-07-11T08:36:26.240Z] Ignoring unsupported arg: auto_download {"metadata":{"emulator":{"name":"ui"},"message":"Ignoring unsupported arg: auto_download"}}
[debug] [2021-07-11T08:36:26.240Z] Ignoring unsupported arg: port {"metadata":{"emulator":{"name":"ui"},"message":"Ignoring unsupported arg: port"}}
[debug] [2021-07-11T08:36:26.241Z] Starting Emulator UI with command {"binary":"node","args":["C:\\Users\\Shubham\\.cache\\firebase\\emulators\\ui-v1.5.0\\server.bundle.js"],"optionalArgs":[],"joinArgs":false} {"metadata":{"emulator":{"name":"ui"},"message":"Starting Emulator UI with command {\"binary\":\"node\",\"args\":[\"C:\\\\Users\\\\Shubham\\\\.cache\\\\firebase\\\\emulators\\\\ui-v1.5.0\\\\server.bundle.js\"],\"optionalArgs\":[],\"joinArgs\":false}"}}
[info] i  ui: Emulator UI logging to ui-debug.log {"metadata":{"emulator":{"name":"ui"},"message":"Emulator UI logging to \u001b[1mui-debug.log\u001b[22m"}}
[debug] [2021-07-11T08:36:26.848Z] Web / API server started at http://localhost:4001
 {"metadata":{"emulator":{"name":"ui"},"message":"Web / API server started at http://localhost:4001\n"}}
[info] i  functions: Watching "C:\Amazon Clone\amazon-clone\functions" for Cloud Functions... {"metadata":{"emulator":{"name":"functions"},"message":"Watching \"C:\\Amazon Clone\\amazon-clone\\functions\" for Cloud Functions..."}}
[debug] [2021-07-11T08:36:27.140Z] [worker-pool] addWorker(~diagnostic~) {"metadata":{"emulator":{"name":"functions"},"message":"[worker-pool] addWorker(~diagnostic~)"}}
[debug] [2021-07-11T08:36:27.141Z] [worker-pool] Adding worker with key ~diagnostic~, total=1 {"metadata":{"emulator":{"name":"functions"},"message":"[worker-pool] Adding worker with key ~diagnostic~, total=1"}}
[debug] [2021-07-11T08:36:27.141Z] [worker-pool] submitWork(triggerId=) {"metadata":{"emulator":{"name":"functions"},"message":"[worker-pool] submitWork(triggerId=)"}}
[debug] [2021-07-11T08:36:27.142Z] [worker-~diagnostic~-e63719dc-c42d-4f22-82e8-505ddef66f1c]: Assigning socketPath: \\?\pipe\C:\Amazon Clone\amazon-clone\functions\11676 {"metadata":{"emulator":{"name":"functions"},"message":"[worker-~diagnostic~-e63719dc-c42d-4f22-82e8-505ddef66f1c]: Assigning socketPath: \\\\?\\pipe\\C:\\Amazon Clone\\amazon-clone\\functions\\11676"}}
[debug] [2021-07-11T08:36:27.143Z] [worker-~diagnostic~-e63719dc-c42d-4f22-82e8-505ddef66f1c]: BUSY {"metadata":{"emulator":{"name":"functions"},"message":"[worker-~diagnostic~-e63719dc-c42d-4f22-82e8-505ddef66f1c]: BUSY"}}
[debug] [2021-07-11T08:36:27.571Z] [runtime-status] [11676] Functions runtime initialized. {"cwd":"C:\\Amazon Clone\\amazon-clone\\functions","node_version":"14.16.0"} {"metadata":{"emulator":{"name":"functions"},"message":"[runtime-status] [11676] Functions runtime initialized. {\"cwd\":\"C:\\\\Amazon Clone\\\\amazon-clone\\\\functions\",\"node_version\":\"14.16.0\"}"}}
[debug] [2021-07-11T08:36:27.573Z] [runtime-status] [11676] Disabled runtime features: undefined {"metadata":{"emulator":{"name":"functions"},"message":"[runtime-status] [11676] Disabled runtime features: undefined"}}
[debug] [2021-07-11T08:36:27.578Z] [runtime-status] [11676] Resolved module firebase-admin {"declared":true,"installed":true,"version":"9.10.0","resolution":"C:\\Amazon Clone\\amazon-clone\\functions\\node_modules\\firebase-admin\\lib\\index.js"} {"metadata":{"emulator":{"name":"functions"},"message":"[runtime-status] [11676] Resolved module firebase-admin {\"declared\":true,\"installed\":true,\"version\":\"9.10.0\",\"resolution\":\"C:\\\\Amazon Clone\\\\amazon-clone\\\\functions\\\\node_modules\\\\firebase-admin\\\\lib\\\\index.js\"}"}}
[debug] [2021-07-11T08:36:27.581Z] [runtime-status] [11676] Resolved module firebase-functions {"declared":true,"installed":true,"version":"3.14.1","resolution":"C:\\Amazon Clone\\amazon-clone\\functions\\node_modules\\firebase-functions\\lib\\index.js"} {"metadata":{"emulator":{"name":"functions"},"message":"[runtime-status] [11676] Resolved module firebase-functions {\"declared\":true,\"installed\":true,\"version\":\"3.14.1\",\"resolution\":\"C:\\\\Amazon Clone\\\\amazon-clone\\\\functions\\\\node_modules\\\\firebase-functions\\\\lib\\\\index.js\"}"}}
[debug] [2021-07-11T08:36:27.584Z] [runtime-status] [11676] Resolved module firebase-functions {"declared":true,"installed":true,"version":"3.14.1","resolution":"C:\\Amazon Clone\\amazon-clone\\functions\\node_modules\\firebase-functions\\lib\\index.js"} {"metadata":{"emulator":{"name":"functions"},"message":"[runtime-status] [11676] Resolved module firebase-functions {\"declared\":true,\"installed\":true,\"version\":\"3.14.1\",\"resolution\":\"C:\\\\Amazon Clone\\\\amazon-clone\\\\functions\\\\node_modules\\\\firebase-functions\\\\lib\\\\index.js\"}"}}
[debug] [2021-07-11T08:36:27.587Z] [runtime-status] [11676] Outgoing network have been stubbed. [{"name":"http","status":"mocked"},{"name":"http","status":"mocked"},{"name":"https","status":"mocked"},{"name":"https","status":"mocked"},{"name":"net","status":"mocked"}] {"metadata":{"emulator":{"name":"functions"},"message":"[runtime-status] [11676] Outgoing network have been stubbed. [{\"name\":\"http\",\"status\":\"mocked\"},{\"name\":\"http\",\"status\":\"mocked\"},{\"name\":\"https\",\"status\":\"mocked\"},{\"name\":\"https\",\"status\":\"mocked\"},{\"name\":\"net\",\"status\":\"mocked\"}]"}}
[debug] [2021-07-11T08:36:27.589Z] [runtime-status] [11676] Resolved module firebase-functions {"declared":true,"installed":true,"version":"3.14.1","resolution":"C:\\Amazon Clone\\amazon-clone\\functions\\node_modules\\firebase-functions\\lib\\index.js"} {"metadata":{"emulator":{"name":"functions"},"message":"[runtime-status] [11676] Resolved module firebase-functions {\"declared\":true,\"installed\":true,\"version\":\"3.14.1\",\"resolution\":\"C:\\\\Amazon Clone\\\\amazon-clone\\\\functions\\\\node_modules\\\\firebase-functions\\\\lib\\\\index.js\"}"}}
[debug] [2021-07-11T08:36:27.678Z] [runtime-status] [11676] Checked functions.config() {"config":{}} {"metadata":{"emulator":{"name":"functions"},"message":"[runtime-status] [11676] Checked functions.config() {\"config\":{}}"}}
[debug] [2021-07-11T08:36:27.678Z] [runtime-status] [11676] firebase-functions has been stubbed. {"functionsResolution":{"declared":true,"installed":true,"version":"3.14.1","resolution":"C:\\Amazon Clone\\amazon-clone\\functions\\node_modules\\firebase-functions\\lib\\index.js"}} {"metadata":{"emulator":{"name":"functions"},"message":"[runtime-status] [11676] firebase-functions has been stubbed. {\"functionsResolution\":{\"declared\":true,\"installed\":true,\"version\":\"3.14.1\",\"resolution\":\"C:\\\\Amazon Clone\\\\amazon-clone\\\\functions\\\\node_modules\\\\firebase-functions\\\\lib\\\\index.js\"}}"}}
[debug] [2021-07-11T08:36:27.679Z] [runtime-status] [11676] Resolved module firebase-functions {"declared":true,"installed":true,"version":"3.14.1","resolution":"C:\\Amazon Clone\\amazon-clone\\functions\\node_modules\\firebase-functions\\lib\\index.js"} {"metadata":{"emulator":{"name":"functions"},"message":"[runtime-status] [11676] Resolved module firebase-functions {\"declared\":true,\"installed\":true,\"version\":\"3.14.1\",\"resolution\":\"C:\\\\Amazon Clone\\\\amazon-clone\\\\functions\\\\node_modules\\\\firebase-functions\\\\lib\\\\index.js\"}"}}
[debug] [2021-07-11T08:36:27.681Z] [runtime-status] [11676] Resolved module firebase-admin {"declared":true,"installed":true,"version":"9.10.0","resolution":"C:\\Amazon Clone\\amazon-clone\\functions\\node_modules\\firebase-admin\\lib\\index.js"} {"metadata":{"emulator":{"name":"functions"},"message":"[runtime-status] [11676] Resolved module firebase-admin {\"declared\":true,\"installed\":true,\"version\":\"9.10.0\",\"resolution\":\"C:\\\\Amazon Clone\\\\amazon-clone\\\\functions\\\\node_modules\\\\firebase-admin\\\\lib\\\\index.js\"}"}}
[debug] [2021-07-11T08:36:27.682Z] [runtime-status] [11676] Resolved module firebase-functions {"declared":true,"installed":true,"version":"3.14.1","resolution":"C:\\Amazon Clone\\amazon-clone\\functions\\node_modules\\firebase-functions\\lib\\index.js"} {"metadata":{"emulator":{"name":"functions"},"message":"[runtime-status] [11676] Resolved module firebase-functions {\"declared\":true,\"installed\":true,\"version\":\"3.14.1\",\"resolution\":\"C:\\\\Amazon Clone\\\\amazon-clone\\\\functions\\\\node_modules\\\\firebase-functions\\\\lib\\\\index.js\"}"}}
[debug] [2021-07-11T08:36:27.683Z] [runtime-status] [11676] firebase-admin has been stubbed. {"adminResolution":{"declared":true,"installed":true,"version":"9.10.0","resolution":"C:\\Amazon Clone\\amazon-clone\\functions\\node_modules\\firebase-admin\\lib\\index.js"}} {"metadata":{"emulator":{"name":"functions"},"message":"[runtime-status] [11676] firebase-admin has been stubbed. {\"adminResolution\":{\"declared\":true,\"installed\":true,\"version\":\"9.10.0\",\"resolution\":\"C:\\\\Amazon Clone\\\\amazon-clone\\\\functions\\\\node_modules\\\\firebase-admin\\\\lib\\\\index.js\"}}"}}
[info] +  functions[us-central1-api]: http function initialized (http://localhost:5001/challenge-e2edf/us-central1/api). {"metadata":{"emulator":{"name":"functions"},"message":"\u001b[1mhttp\u001b[22m function initialized (http://localhost:5001/challenge-e2edf/us-central1/api)."}}
[info] 
┌─────────────────────────────────────────────────────────────┐
│ ✔  All emulators ready! It is now safe to connect your app. │
│ i  View Emulator UI at http://localhost:4001                │
└─────────────────────────────────────────────────────────────┘

┌───────────┬────────────────┬─────────────────────────────────┐
│ Emulator  │ Host:Port      │ View in Emulator UI             │
├───────────┼────────────────┼─────────────────────────────────┤
│ Functions │ localhost:5001 │ http://localhost:4001/functions │
├───────────┼────────────────┼─────────────────────────────────┤
│ Hosting   │ localhost:5000 │ n/a                             │
└───────────┴────────────────┴─────────────────────────────────┘
  Emulator Hub running at localhost:4400
  Other reserved ports: 4500

Issues? Report them at https://github.com/firebase/firebase-tools/issues and attach the *-debug.log files.
 
[debug] [2021-07-11T08:36:28.079Z] [worker-~diagnostic~-e63719dc-c42d-4f22-82e8-505ddef66f1c]: IDLE {"metadata":{"emulator":{"name":"functions"},"message":"[worker-~diagnostic~-e63719dc-c42d-4f22-82e8-505ddef66f1c]: IDLE"}}
[debug] [2021-07-11T08:36:56.563Z] [work-queue] {"queueLength":1,"workRunningCount":0}
[debug] [2021-07-11T08:36:56.564Z] [work-queue] {"queueLength":0,"workRunningCount":1}
[debug] [2021-07-11T08:36:56.566Z] Accepted request GET /challenge-e2edf/us-central1/api --> us-central1-api
[debug] [2021-07-11T08:36:56.581Z] [worker-pool] addWorker(us-central1-api) {"metadata":{"emulator":{"name":"functions"},"message":"[worker-pool] addWorker(us-central1-api)"}}
[debug] [2021-07-11T08:36:56.581Z] [worker-pool] Adding worker with key us-central1-api, total=1 {"metadata":{"emulator":{"name":"functions"},"message":"[worker-pool] Adding worker with key us-central1-api, total=1"}}
[debug] [2021-07-11T08:36:56.582Z] [worker-pool] submitWork(triggerId=us-central1-api) {"metadata":{"emulator":{"name":"functions"},"message":"[worker-pool] submitWork(triggerId=us-central1-api)"}}
[debug] [2021-07-11T08:36:56.582Z] [worker-us-central1-api-d7f12642-e8c9-4eea-8db5-398271544069]: Assigning socketPath: \\?\pipe\C:\Amazon Clone\amazon-clone\functions\17304 {"metadata":{"emulator":{"name":"functions"},"message":"[worker-us-central1-api-d7f12642-e8c9-4eea-8db5-398271544069]: Assigning socketPath: \\\\?\\pipe\\C:\\Amazon Clone\\amazon-clone\\functions\\17304"}}
[debug] [2021-07-11T08:36:56.582Z] [worker-us-central1-api-d7f12642-e8c9-4eea-8db5-398271544069]: BUSY {"metadata":{"emulator":{"name":"functions"},"message":"[worker-us-central1-api-d7f12642-e8c9-4eea-8db5-398271544069]: BUSY"}}
[debug] [2021-07-11T08:36:57.009Z] [runtime-status] [17304] Functions runtime initialized. {"cwd":"C:\\Amazon Clone\\amazon-clone\\functions","node_version":"14.16.0"} {"metadata":{"emulator":{"name":"functions"},"function":{"name":"us-central1-api"},"message":"[runtime-status] [17304] Functions runtime initialized. {\"cwd\":\"C:\\\\Amazon Clone\\\\amazon-clone\\\\functions\",\"node_version\":\"14.16.0\"}"}}
[debug] [2021-07-11T08:36:57.011Z] [runtime-status] [17304] Disabled runtime features: undefined {"metadata":{"emulator":{"name":"functions"},"function":{"name":"us-central1-api"},"message":"[runtime-status] [17304] Disabled runtime features: undefined"}}
[debug] [2021-07-11T08:36:57.017Z] [runtime-status] [17304] Resolved module firebase-admin {"declared":true,"installed":true,"version":"9.10.0","resolution":"C:\\Amazon Clone\\amazon-clone\\functions\\node_modules\\firebase-admin\\lib\\index.js"} {"metadata":{"emulator":{"name":"functions"},"function":{"name":"us-central1-api"},"message":"[runtime-status] [17304] Resolved module firebase-admin {\"declared\":true,\"installed\":true,\"version\":\"9.10.0\",\"resolution\":\"C:\\\\Amazon Clone\\\\amazon-clone\\\\functions\\\\node_modules\\\\firebase-admin\\\\lib\\\\index.js\"}"}}
[debug] [2021-07-11T08:36:57.023Z] [runtime-status] [17304] Resolved module firebase-functions {"declared":true,"installed":true,"version":"3.14.1","resolution":"C:\\Amazon Clone\\amazon-clone\\functions\\node_modules\\firebase-functions\\lib\\index.js"} {"metadata":{"emulator":{"name":"functions"},"function":{"name":"us-central1-api"},"message":"[runtime-status] [17304] Resolved module firebase-functions {\"declared\":true,\"installed\":true,\"version\":\"3.14.1\",\"resolution\":\"C:\\\\Amazon Clone\\\\amazon-clone\\\\functions\\\\node_modules\\\\firebase-functions\\\\lib\\\\index.js\"}"}}
[debug] [2021-07-11T08:36:57.026Z] [runtime-status] [17304] Resolved module firebase-functions {"declared":true,"installed":true,"version":"3.14.1","resolution":"C:\\Amazon Clone\\amazon-clone\\functions\\node_modules\\firebase-functions\\lib\\index.js"} {"metadata":{"emulator":{"name":"functions"},"function":{"name":"us-central1-api"},"message":"[runtime-status] [17304] Resolved module firebase-functions {\"declared\":true,\"installed\":true,\"version\":\"3.14.1\",\"resolution\":\"C:\\\\Amazon Clone\\\\amazon-clone\\\\functions\\\\node_modules\\\\firebase-functions\\\\lib\\\\index.js\"}"}}
[debug] [2021-07-11T08:36:57.029Z] [runtime-status] [17304] Outgoing network have been stubbed. [{"name":"http","status":"mocked"},{"name":"http","status":"mocked"},{"name":"https","status":"mocked"},{"name":"https","status":"mocked"},{"name":"net","status":"mocked"}] {"metadata":{"emulator":{"name":"functions"},"function":{"name":"us-central1-api"},"message":"[runtime-status] [17304] Outgoing network have been stubbed. [{\"name\":\"http\",\"status\":\"mocked\"},{\"name\":\"http\",\"status\":\"mocked\"},{\"name\":\"https\",\"status\":\"mocked\"},{\"name\":\"https\",\"status\":\"mocked\"},{\"name\":\"net\",\"status\":\"mocked\"}]"}}
[debug] [2021-07-11T08:36:57.030Z] [runtime-status] [17304] Resolved module firebase-functions {"declared":true,"installed":true,"version":"3.14.1","resolution":"C:\\Amazon Clone\\amazon-clone\\functions\\node_modules\\firebase-functions\\lib\\index.js"} {"metadata":{"emulator":{"name":"functions"},"function":{"name":"us-central1-api"},"message":"[runtime-status] [17304] Resolved module firebase-functions {\"declared\":true,\"installed\":true,\"version\":\"3.14.1\",\"resolution\":\"C:\\\\Amazon Clone\\\\amazon-clone\\\\functions\\\\node_modules\\\\firebase-functions\\\\lib\\\\index.js\"}"}}
[debug] [2021-07-11T08:36:57.132Z] [runtime-status] [17304] Checked functions.config() {"config":{}} {"metadata":{"emulator":{"name":"functions"},"function":{"name":"us-central1-api"},"message":"[runtime-status] [17304] Checked functions.config() {\"config\":{}}"}}
[debug] [2021-07-11T08:36:57.133Z] [runtime-status] [17304] firebase-functions has been stubbed. {"functionsResolution":{"declared":true,"installed":true,"version":"3.14.1","resolution":"C:\\Amazon Clone\\amazon-clone\\functions\\node_modules\\firebase-functions\\lib\\index.js"}} {"metadata":{"emulator":{"name":"functions"},"function":{"name":"us-central1-api"},"message":"[runtime-status] [17304] firebase-functions has been stubbed. {\"functionsResolution\":{\"declared\":true,\"installed\":true,\"version\":\"3.14.1\",\"resolution\":\"C:\\\\Amazon Clone\\\\amazon-clone\\\\functions\\\\node_modules\\\\firebase-functions\\\\lib\\\\index.js\"}}"}}
[debug] [2021-07-11T08:36:57.134Z] [runtime-status] [17304] Resolved module firebase-functions {"declared":true,"installed":true,"version":"3.14.1","resolution":"C:\\Amazon Clone\\amazon-clone\\functions\\node_modules\\firebase-functions\\lib\\index.js"} {"metadata":{"emulator":{"name":"functions"},"function":{"name":"us-central1-api"},"message":"[runtime-status] [17304] Resolved module firebase-functions {\"declared\":true,\"installed\":true,\"version\":\"3.14.1\",\"resolution\":\"C:\\\\Amazon Clone\\\\amazon-clone\\\\functions\\\\node_modules\\\\firebase-functions\\\\lib\\\\index.js\"}"}}
[debug] [2021-07-11T08:36:57.136Z] [runtime-status] [17304] Resolved module firebase-admin {"declared":true,"installed":true,"version":"9.10.0","resolution":"C:\\Amazon Clone\\amazon-clone\\functions\\node_modules\\firebase-admin\\lib\\index.js"} {"metadata":{"emulator":{"name":"functions"},"function":{"name":"us-central1-api"},"message":"[runtime-status] [17304] Resolved module firebase-admin {\"declared\":true,\"installed\":true,\"version\":\"9.10.0\",\"resolution\":\"C:\\\\Amazon Clone\\\\amazon-clone\\\\functions\\\\node_modules\\\\firebase-admin\\\\lib\\\\index.js\"}"}}
[debug] [2021-07-11T08:36:57.138Z] [runtime-status] [17304] Resolved module firebase-functions {"declared":true,"installed":true,"version":"3.14.1","resolution":"C:\\Amazon Clone\\amazon-clone\\functions\\node_modules\\firebase-functions\\lib\\index.js"} {"metadata":{"emulator":{"name":"functions"},"function":{"name":"us-central1-api"},"message":"[runtime-status] [17304] Resolved module firebase-functions {\"declared\":true,\"installed\":true,\"version\":\"3.14.1\",\"resolution\":\"C:\\\\Amazon Clone\\\\amazon-clone\\\\functions\\\\node_modules\\\\firebase-functions\\\\lib\\\\index.js\"}"}}
[debug] [2021-07-11T08:36:57.139Z] [runtime-status] [17304] firebase-admin has been stubbed. {"adminResolution":{"declared":true,"installed":true,"version":"9.10.0","resolution":"C:\\Amazon Clone\\amazon-clone\\functions\\node_modules\\firebase-admin\\lib\\index.js"}} {"metadata":{"emulator":{"name":"functions"},"function":{"name":"us-central1-api"},"message":"[runtime-status] [17304] firebase-admin has been stubbed. {\"adminResolution\":{\"declared\":true,\"installed\":true,\"version\":\"9.10.0\",\"resolution\":\"C:\\\\Amazon Clone\\\\amazon-clone\\\\functions\\\\node_modules\\\\firebase-admin\\\\lib\\\\index.js\"}}"}}
[debug] [2021-07-11T08:36:57.450Z] [runtime-status] [17304] Trigger "us-central1-api" has been found, beginning invocation! {"metadata":{"emulator":{"name":"functions"},"function":{"name":"us-central1-api"},"message":"[runtime-status] [17304] Trigger \"us-central1-api\" has been found, beginning invocation!"}}
[info] i  functions: Beginning execution of "us-central1-api" {"metadata":{"emulator":{"name":"functions"},"function":{"name":"us-central1-api"},"message":"Beginning execution of \"us-central1-api\""}}
[debug] [2021-07-11T08:36:57.452Z] [runtime-status] [17304] triggerDefinition {"httpsTrigger":{},"name":"api","entryPoint":"api","regions":["us-central1"],"region":"us-central1","id":"us-central1-api"} {"metadata":{"emulator":{"name":"functions"},"function":{"name":"us-central1-api"},"message":"[runtime-status] [17304] triggerDefinition {\"httpsTrigger\":{},\"name\":\"api\",\"entryPoint\":\"api\",\"regions\":[\"us-central1\"],\"region\":\"us-central1\",\"id\":\"us-central1-api\"}"}}
[debug] [2021-07-11T08:36:57.453Z] [runtime-status] [17304] Running us-central1-api in mode HTTPS {"metadata":{"emulator":{"name":"functions"},"function":{"name":"us-central1-api"},"message":"[runtime-status] [17304] Running us-central1-api in mode HTTPS"}}
[debug] [2021-07-11T08:36:57.461Z] [runtime-status] [17304] Attempting to listen to socketPath: \\?\pipe\C:\Amazon Clone\amazon-clone\functions\17304 {"metadata":{"emulator":{"name":"functions"},"function":{"name":"us-central1-api"},"message":"[runtime-status] [17304] Attempting to listen to socketPath: \\\\?\\pipe\\C:\\Amazon Clone\\amazon-clone\\functions\\17304"}}
[debug] [2021-07-11T08:36:57.466Z] [functions] Runtime ready! Sending request! {"metadata":{"emulator":{"name":"functions"},"message":"[functions] Runtime ready! Sending request!"}}
[debug] [2021-07-11T08:36:57.468Z] [functions] Got req.url=/challenge-e2edf/us-central1/api, mapping to path=/ {"metadata":{"emulator":{"name":"functions"},"message":"[functions] Got req.url=/challenge-e2edf/us-central1/api, mapping to path=/"}}
[debug] [2021-07-11T08:36:57.488Z] [runtime-status] [17304] Ephemeral server handling GET request {"metadata":{"emulator":{"name":"functions"},"function":{"name":"us-central1-api"},"message":"[runtime-status] [17304] Ephemeral server handling GET request"}}
[debug] [2021-07-11T08:36:57.502Z] [runtime-status] [17304] Ephemeral server survived. {"metadata":{"emulator":{"name":"functions"},"function":{"name":"us-central1-api"},"message":"[runtime-status] [17304] Ephemeral server survived."}}
[info] i  functions: Finished "us-central1-api" in ~1s {"metadata":{"emulator":{"name":"functions"},"function":{"name":"us-central1-api"},"message":"Finished \"us-central1-api\" in ~1s"}}
[debug] [2021-07-11T08:36:57.517Z] [worker-us-central1-api-d7f12642-e8c9-4eea-8db5-398271544069]: IDLE {"metadata":{"emulator":{"name":"functions"},"message":"[worker-us-central1-api-d7f12642-e8c9-4eea-8db5-398271544069]: IDLE"}}
[debug] [2021-07-11T08:36:57.519Z] [work-queue] {"queueLength":0,"workRunningCount":0}
[debug] [2021-07-11T08:39:17.734Z] [work-queue] {"queueLength":1,"workRunningCount":0}
[debug] [2021-07-11T08:39:17.735Z] [work-queue] {"queueLength":0,"workRunningCount":1}
[debug] [2021-07-11T08:39:17.737Z] Accepted request POST /challenge-e2edf/us-central1/api/payments/create?total=89797 --> us-central1-api
[debug] [2021-07-11T08:39:17.738Z] [worker-pool] submitWork(triggerId=us-central1-api) {"metadata":{"emulator":{"name":"functions"},"message":"[worker-pool] submitWork(triggerId=us-central1-api)"}}
[debug] [2021-07-11T08:39:17.739Z] [worker-us-central1-api-d7f12642-e8c9-4eea-8db5-398271544069]: Assigning socketPath: \\?\pipe\C:\Amazon Clone\amazon-clone\functions\17304 {"metadata":{"emulator":{"name":"functions"},"message":"[worker-us-central1-api-d7f12642-e8c9-4eea-8db5-398271544069]: Assigning socketPath: \\\\?\\pipe\\C:\\Amazon Clone\\amazon-clone\\functions\\17304"}}
[debug] [2021-07-11T08:39:17.739Z] [worker-us-central1-api-d7f12642-e8c9-4eea-8db5-398271544069]: BUSY {"metadata":{"emulator":{"name":"functions"},"message":"[worker-us-central1-api-d7f12642-e8c9-4eea-8db5-398271544069]: BUSY"}}
[debug] [2021-07-11T08:39:17.741Z] [runtime-status] [17304] Trigger "us-central1-api" has been found, beginning invocation! {"metadata":{"emulator":{"name":"functions"},"function":{"name":"us-central1-api"},"message":"[runtime-status] [17304] Trigger \"us-central1-api\" has been found, beginning invocation!"}}
[info] i  functions: Beginning execution of "us-central1-api" {"metadata":{"emulator":{"name":"functions"},"function":{"name":"us-central1-api"},"message":"Beginning execution of \"us-central1-api\""}}
[debug] [2021-07-11T08:39:17.744Z] [runtime-status] [17304] triggerDefinition {"httpsTrigger":{},"name":"api","entryPoint":"api","regions":["us-central1"],"region":"us-central1","id":"us-central1-api"} {"metadata":{"emulator":{"name":"functions"},"function":{"name":"us-central1-api"},"message":"[runtime-status] [17304] triggerDefinition {\"httpsTrigger\":{},\"name\":\"api\",\"entryPoint\":\"api\",\"regions\":[\"us-central1\"],\"region\":\"us-central1\",\"id\":\"us-central1-api\"}"}}
[debug] [2021-07-11T08:39:17.746Z] [runtime-status] [17304] Running us-central1-api in mode HTTPS {"metadata":{"emulator":{"name":"functions"},"function":{"name":"us-central1-api"},"message":"[runtime-status] [17304] Running us-central1-api in mode HTTPS"}}
[debug] [2021-07-11T08:39:17.747Z] [runtime-status] [17304] Attempting to listen to socketPath: \\?\pipe\C:\Amazon Clone\amazon-clone\functions\17304 {"metadata":{"emulator":{"name":"functions"},"function":{"name":"us-central1-api"},"message":"[runtime-status] [17304] Attempting to listen to socketPath: \\\\?\\pipe\\C:\\Amazon Clone\\amazon-clone\\functions\\17304"}}
[debug] [2021-07-11T08:39:17.751Z] [functions] Runtime ready! Sending request! {"metadata":{"emulator":{"name":"functions"},"message":"[functions] Runtime ready! Sending request!"}}
[debug] [2021-07-11T08:39:17.752Z] [functions] Got req.url=/challenge-e2edf/us-central1/api/payments/create?total=89797, mapping to path=/payments/create?total=89797 {"metadata":{"emulator":{"name":"functions"},"message":"[functions] Got req.url=/challenge-e2edf/us-central1/api/payments/create?total=89797, mapping to path=/payments/create?total=89797"}}
[debug] [2021-07-11T08:39:17.766Z] [runtime-status] [17304] Ephemeral server handling POST request {"metadata":{"emulator":{"name":"functions"},"function":{"name":"us-central1-api"},"message":"[runtime-status] [17304] Ephemeral server handling POST request"}}
[info] >  Payment Request recieved Boom!!!  for this amount >>>  89797 {"user":"Payment Request recieved Boom!!!  for this amount >>>  89797","metadata":{"emulator":{"name":"functions"},"function":{"name":"us-central1-api"},"message":"\u001b[90m> \u001b[39m Payment Request recieved Boom!!!  for this amount >>>  89797"}}
[debug] [2021-07-11T08:39:17.788Z] [runtime-status] [17304] Ephemeral server survived. {"metadata":{"emulator":{"name":"functions"},"function":{"name":"us-central1-api"},"message":"[runtime-status] [17304] Ephemeral server survived."}}
[info] i  functions: Finished "us-central1-api" in ~1s {"metadata":{"emulator":{"name":"functions"},"function":{"name":"us-central1-api"},"message":"Finished \"us-central1-api\" in ~1s"}}
[debug] [2021-07-11T08:39:18.783Z] [worker-us-central1-api-d7f12642-e8c9-4eea-8db5-398271544069]: IDLE {"metadata":{"emulator":{"name":"functions"},"message":"[worker-us-central1-api-d7f12642-e8c9-4eea-8db5-398271544069]: IDLE"}}
[debug] [2021-07-11T08:39:18.784Z] [work-queue] {"queueLength":0,"workRunningCount":0}
[debug] [2021-07-11T08:40:35.302Z] [work-queue] {"queueLength":1,"workRunningCount":0}
[debug] [2021-07-11T08:40:35.302Z] [work-queue] {"queueLength":0,"workRunningCount":1}
[debug] [2021-07-11T08:40:35.303Z] Accepted request POST /challenge-e2edf/us-central1/api/payments/create?total=0 --> us-central1-api
[debug] [2021-07-11T08:40:35.303Z] [worker-pool] submitWork(triggerId=us-central1-api) {"metadata":{"emulator":{"name":"functions"},"message":"[worker-pool] submitWork(triggerId=us-central1-api)"}}
[debug] [2021-07-11T08:40:35.303Z] [worker-us-central1-api-d7f12642-e8c9-4eea-8db5-398271544069]: Assigning socketPath: \\?\pipe\C:\Amazon Clone\amazon-clone\functions\17304 {"metadata":{"emulator":{"name":"functions"},"message":"[worker-us-central1-api-d7f12642-e8c9-4eea-8db5-398271544069]: Assigning socketPath: \\\\?\\pipe\\C:\\Amazon Clone\\amazon-clone\\functions\\17304"}}
[debug] [2021-07-11T08:40:35.304Z] [worker-us-central1-api-d7f12642-e8c9-4eea-8db5-398271544069]: BUSY {"metadata":{"emulator":{"name":"functions"},"message":"[worker-us-central1-api-d7f12642-e8c9-4eea-8db5-398271544069]: BUSY"}}
[debug] [2021-07-11T08:40:35.304Z] [runtime-status] [17304] Trigger "us-central1-api" has been found, beginning invocation! {"metadata":{"emulator":{"name":"functions"},"function":{"name":"us-central1-api"},"message":"[runtime-status] [17304] Trigger \"us-central1-api\" has been found, beginning invocation!"}}
[info] i  functions: Beginning execution of "us-central1-api" {"metadata":{"emulator":{"name":"functions"},"function":{"name":"us-central1-api"},"message":"Beginning execution of \"us-central1-api\""}}
[debug] [2021-07-11T08:40:35.319Z] [runtime-status] [17304] triggerDefinition {"httpsTrigger":{},"name":"api","entryPoint":"api","regions":["us-central1"],"region":"us-central1","id":"us-central1-api"} {"metadata":{"emulator":{"name":"functions"},"function":{"name":"us-central1-api"},"message":"[runtime-status] [17304] triggerDefinition {\"httpsTrigger\":{},\"name\":\"api\",\"entryPoint\":\"api\",\"regions\":[\"us-central1\"],\"region\":\"us-central1\",\"id\":\"us-central1-api\"}"}}
[debug] [2021-07-11T08:40:35.319Z] [runtime-status] [17304] Running us-central1-api in mode HTTPS {"metadata":{"emulator":{"name":"functions"},"function":{"name":"us-central1-api"},"message":"[runtime-status] [17304] Running us-central1-api in mode HTTPS"}}
[debug] [2021-07-11T08:40:35.320Z] [runtime-status] [17304] Attempting to listen to socketPath: \\?\pipe\C:\Amazon Clone\amazon-clone\functions\17304 {"metadata":{"emulator":{"name":"functions"},"function":{"name":"us-central1-api"},"message":"[runtime-status] [17304] Attempting to listen to socketPath: \\\\?\\pipe\\C:\\Amazon Clone\\amazon-clone\\functions\\17304"}}
[debug] [2021-07-11T08:40:35.322Z] [functions] Runtime ready! Sending request! {"metadata":{"emulator":{"name":"functions"},"message":"[functions] Runtime ready! Sending request!"}}
[debug] [2021-07-11T08:40:35.323Z] [functions] Got req.url=/challenge-e2edf/us-central1/api/payments/create?total=0, mapping to path=/payments/create?total=0 {"metadata":{"emulator":{"name":"functions"},"message":"[functions] Got req.url=/challenge-e2edf/us-central1/api/payments/create?total=0, mapping to path=/payments/create?total=0"}}
[debug] [2021-07-11T08:40:35.329Z] [runtime-status] [17304] Ephemeral server handling POST request {"metadata":{"emulator":{"name":"functions"},"function":{"name":"us-central1-api"},"message":"[runtime-status] [17304] Ephemeral server handling POST request"}}
[info] >  Payment Request recieved Boom!!!  for this amount >>>  0 {"user":"Payment Request recieved Boom!!!  for this amount >>>  0","metadata":{"emulator":{"name":"functions"},"function":{"name":"us-central1-api"},"message":"\u001b[90m> \u001b[39m Payment Request recieved Boom!!!  for this amount >>>  0"}}
[debug] [2021-07-11T08:40:35.334Z] [runtime-status] [17304] Ephemeral server survived. {"metadata":{"emulator":{"name":"functions"},"function":{"name":"us-central1-api"},"message":"[runtime-status] [17304] Ephemeral server survived."}}
[info] >  (node:17304) UnhandledPromiseRejectionWarning: Error: This value must be greater than or equal to 1. {"user":"(node:17304) UnhandledPromiseRejectionWarning: Error: This value must be greater than or equal to 1.","metadata":{"emulator":{"name":"functions"},"function":{"name":"us-central1-api"},"message":"\u001b[90m> \u001b[39m (node:17304) UnhandledPromiseRejectionWarning: Error: This value must be greater than or equal to 1."}}
[info] >      at Function.generate (C:\Amazon Clone\amazon-clone\functions\node_modules\stripe\lib\Error.js:40:16) {"user":"    at Function.generate (C:\\Amazon Clone\\amazon-clone\\functions\\node_modules\\stripe\\lib\\Error.js:40:16)","metadata":{"emulator":{"name":"functions"},"function":{"name":"us-central1-api"},"message":"\u001b[90m> \u001b[39m     at Function.generate (C:\\Amazon Clone\\amazon-clone\\functions\\node_modules\\stripe\\lib\\Error.js:40:16)"}}
[info] >      at IncomingMessage.<anonymous> (C:\Amazon Clone\amazon-clone\functions\node_modules\stripe\lib\StripeResource.js:203:33) {"user":"    at IncomingMessage.<anonymous> (C:\\Amazon Clone\\amazon-clone\\functions\\node_modules\\stripe\\lib\\StripeResource.js:203:33)","metadata":{"emulator":{"name":"functions"},"function":{"name":"us-central1-api"},"message":"\u001b[90m> \u001b[39m     at IncomingMessage.<anonymous> (C:\\Amazon Clone\\amazon-clone\\functions\\node_modules\\stripe\\lib\\StripeResource.js:203:33)"}}
[info] >      at Object.onceWrapper (events.js:421:28) {"user":"    at Object.onceWrapper (events.js:421:28)","metadata":{"emulator":{"name":"functions"},"function":{"name":"us-central1-api"},"message":"\u001b[90m> \u001b[39m     at Object.onceWrapper (events.js:421:28)"}}
[info] >      at IncomingMessage.emit (events.js:327:22) {"user":"    at IncomingMessage.emit (events.js:327:22)","metadata":{"emulator":{"name":"functions"},"function":{"name":"us-central1-api"},"message":"\u001b[90m> \u001b[39m     at IncomingMessage.emit (events.js:327:22)"}}
[info] >      at endReadableNT (internal/streams/readable.js:1327:12) {"user":"    at endReadableNT (internal/streams/readable.js:1327:12)","metadata":{"emulator":{"name":"functions"},"function":{"name":"us-central1-api"},"message":"\u001b[90m> \u001b[39m     at endReadableNT (internal/streams/readable.js:1327:12)"}}
[info] >      at processTicksAndRejections (internal/process/task_queues.js:80:21) {"user":"    at processTicksAndRejections (internal/process/task_queues.js:80:21)","metadata":{"emulator":{"name":"functions"},"function":{"name":"us-central1-api"},"message":"\u001b[90m> \u001b[39m     at processTicksAndRejections (internal/process/task_queues.js:80:21)"}}
[info] >  (Use `node --trace-warnings ...` to show where the warning was created) {"user":"(Use `node --trace-warnings ...` to show where the warning was created)","metadata":{"emulator":{"name":"functions"},"function":{"name":"us-central1-api"},"message":"\u001b[90m> \u001b[39m (Use `node --trace-warnings ...` to show where the warning was created)"}}
[info] >  (node:17304) UnhandledPromiseRejectionWarning: Unhandled promise rejection. This error originated either by throwing inside of an async function without a catch block, or by rejecting a promise which was not handled with .catch(). To terminate the node process on unhandled promise rejection, use the CLI flag `--unhandled-rejections=strict` (see https://nodejs.org/api/cli.html#cli_unhandled_rejections_mode). (rejection id: 1) {"user":"(node:17304) UnhandledPromiseRejectionWarning: Unhandled promise rejection. This error originated either by throwing inside of an async function without a catch block, or by rejecting a promise which was not handled with .catch(). To terminate the node process on unhandled promise rejection, use the CLI flag `--unhandled-rejections=strict` (see https://nodejs.org/api/cli.html#cli_unhandled_rejections_mode). (rejection id: 1)","metadata":{"emulator":{"name":"functions"},"function":{"name":"us-central1-api"},"message":"\u001b[90m> \u001b[39m (node:17304) UnhandledPromiseRejectionWarning: Unhandled promise rejection. This error originated either by throwing inside of an async function without a catch block, or by rejecting a promise which was not handled with .catch(). To terminate the node process on unhandled promise rejection, use the CLI flag `--unhandled-rejections=strict` (see https://nodejs.org/api/cli.html#cli_unhandled_rejections_mode). (rejection id: 1)"}}
[info] >  (node:17304) [DEP0018] DeprecationWarning: Unhandled promise rejections are deprecated. In the future, promise rejections that are not handled will terminate the Node.js process with a non-zero exit code. {"user":"(node:17304) [DEP0018] DeprecationWarning: Unhandled promise rejections are deprecated. In the future, promise rejections that are not handled will terminate the Node.js process with a non-zero exit code.","metadata":{"emulator":{"name":"functions"},"function":{"name":"us-central1-api"},"message":"\u001b[90m> \u001b[39m (node:17304) [DEP0018] DeprecationWarning: Unhandled promise rejections are deprecated. In the future, promise rejections that are not handled will terminate the Node.js process with a non-zero exit code."}}
[debug] [2021-07-11T08:40:43.546Z] [work-queue] {"queueLength":1,"workRunningCount":1}
[debug] [2021-07-11T08:40:43.546Z] [work-queue] {"queueLength":0,"workRunningCount":2}
[debug] [2021-07-11T08:40:43.547Z] Accepted request POST /challenge-e2edf/us-central1/api/payments/create?total=23900 --> us-central1-api
[debug] [2021-07-11T08:40:43.560Z] [worker-pool] addWorker(us-central1-api) {"metadata":{"emulator":{"name":"functions"},"message":"[worker-pool] addWorker(us-central1-api)"}}
[debug] [2021-07-11T08:40:43.561Z] [worker-pool] Adding worker with key us-central1-api, total=2 {"metadata":{"emulator":{"name":"functions"},"message":"[worker-pool] Adding worker with key us-central1-api, total=2"}}
[debug] [2021-07-11T08:40:43.561Z] [worker-pool] submitWork(triggerId=us-central1-api) {"metadata":{"emulator":{"name":"functions"},"message":"[worker-pool] submitWork(triggerId=us-central1-api)"}}
[debug] [2021-07-11T08:40:43.561Z] [worker-us-central1-api-2932a6e0-f517-48d8-be45-62a311cfef14]: Assigning socketPath: \\?\pipe\C:\Amazon Clone\amazon-clone\functions\5824 {"metadata":{"emulator":{"name":"functions"},"message":"[worker-us-central1-api-2932a6e0-f517-48d8-be45-62a311cfef14]: Assigning socketPath: \\\\?\\pipe\\C:\\Amazon Clone\\amazon-clone\\functions\\5824"}}
[debug] [2021-07-11T08:40:43.561Z] [worker-us-central1-api-2932a6e0-f517-48d8-be45-62a311cfef14]: BUSY {"metadata":{"emulator":{"name":"functions"},"message":"[worker-us-central1-api-2932a6e0-f517-48d8-be45-62a311cfef14]: BUSY"}}
[debug] [2021-07-11T08:40:44.119Z] [runtime-status] [5824] Functions runtime initialized. {"cwd":"C:\\Amazon Clone\\amazon-clone\\functions","node_version":"14.16.0"} {"metadata":{"emulator":{"name":"functions"},"function":{"name":"us-central1-api"},"message":"[runtime-status] [5824] Functions runtime initialized. {\"cwd\":\"C:\\\\Amazon Clone\\\\amazon-clone\\\\functions\",\"node_version\":\"14.16.0\"}"}}
[debug] [2021-07-11T08:40:44.120Z] [runtime-status] [5824] Disabled runtime features: undefined {"metadata":{"emulator":{"name":"functions"},"function":{"name":"us-central1-api"},"message":"[runtime-status] [5824] Disabled runtime features: undefined"}}
[debug] [2021-07-11T08:40:44.128Z] [runtime-status] [5824] Resolved module firebase-admin {"declared":true,"installed":true,"version":"9.10.0","resolution":"C:\\Amazon Clone\\amazon-clone\\functions\\node_modules\\firebase-admin\\lib\\index.js"} {"metadata":{"emulator":{"name":"functions"},"function":{"name":"us-central1-api"},"message":"[runtime-status] [5824] Resolved module firebase-admin {\"declared\":true,\"installed\":true,\"version\":\"9.10.0\",\"resolution\":\"C:\\\\Amazon Clone\\\\amazon-clone\\\\functions\\\\node_modules\\\\firebase-admin\\\\lib\\\\index.js\"}"}}
[debug] [2021-07-11T08:40:44.134Z] [runtime-status] [5824] Resolved module firebase-functions {"declared":true,"installed":true,"version":"3.14.1","resolution":"C:\\Amazon Clone\\amazon-clone\\functions\\node_modules\\firebase-functions\\lib\\index.js"} {"metadata":{"emulator":{"name":"functions"},"function":{"name":"us-central1-api"},"message":"[runtime-status] [5824] Resolved module firebase-functions {\"declared\":true,\"installed\":true,\"version\":\"3.14.1\",\"resolution\":\"C:\\\\Amazon Clone\\\\amazon-clone\\\\functions\\\\node_modules\\\\firebase-functions\\\\lib\\\\index.js\"}"}}
[debug] [2021-07-11T08:40:44.137Z] [runtime-status] [5824] Resolved module firebase-functions {"declared":true,"installed":true,"version":"3.14.1","resolution":"C:\\Amazon Clone\\amazon-clone\\functions\\node_modules\\firebase-functions\\lib\\index.js"} {"metadata":{"emulator":{"name":"functions"},"function":{"name":"us-central1-api"},"message":"[runtime-status] [5824] Resolved module firebase-functions {\"declared\":true,\"installed\":true,\"version\":\"3.14.1\",\"resolution\":\"C:\\\\Amazon Clone\\\\amazon-clone\\\\functions\\\\node_modules\\\\firebase-functions\\\\lib\\\\index.js\"}"}}
[debug] [2021-07-11T08:40:44.141Z] [runtime-status] [5824] Outgoing network have been stubbed. [{"name":"http","status":"mocked"},{"name":"http","status":"mocked"},{"name":"https","status":"mocked"},{"name":"https","status":"mocked"},{"name":"net","status":"mocked"}] {"metadata":{"emulator":{"name":"functions"},"function":{"name":"us-central1-api"},"message":"[runtime-status] [5824] Outgoing network have been stubbed. [{\"name\":\"http\",\"status\":\"mocked\"},{\"name\":\"http\",\"status\":\"mocked\"},{\"name\":\"https\",\"status\":\"mocked\"},{\"name\":\"https\",\"status\":\"mocked\"},{\"name\":\"net\",\"status\":\"mocked\"}]"}}
[debug] [2021-07-11T08:40:44.143Z] [runtime-status] [5824] Resolved module firebase-functions {"declared":true,"installed":true,"version":"3.14.1","resolution":"C:\\Amazon Clone\\amazon-clone\\functions\\node_modules\\firebase-functions\\lib\\index.js"} {"metadata":{"emulator":{"name":"functions"},"function":{"name":"us-central1-api"},"message":"[runtime-status] [5824] Resolved module firebase-functions {\"declared\":true,\"installed\":true,\"version\":\"3.14.1\",\"resolution\":\"C:\\\\Amazon Clone\\\\amazon-clone\\\\functions\\\\node_modules\\\\firebase-functions\\\\lib\\\\index.js\"}"}}
[debug] [2021-07-11T08:40:44.246Z] [runtime-status] [5824] Checked functions.config() {"config":{}} {"metadata":{"emulator":{"name":"functions"},"function":{"name":"us-central1-api"},"message":"[runtime-status] [5824] Checked functions.config() {\"config\":{}}"}}
[debug] [2021-07-11T08:40:44.246Z] [runtime-status] [5824] firebase-functions has been stubbed. {"functionsResolution":{"declared":true,"installed":true,"version":"3.14.1","resolution":"C:\\Amazon Clone\\amazon-clone\\functions\\node_modules\\firebase-functions\\lib\\index.js"}} {"metadata":{"emulator":{"name":"functions"},"function":{"name":"us-central1-api"},"message":"[runtime-status] [5824] firebase-functions has been stubbed. {\"functionsResolution\":{\"declared\":true,\"installed\":true,\"version\":\"3.14.1\",\"resolution\":\"C:\\\\Amazon Clone\\\\amazon-clone\\\\functions\\\\node_modules\\\\firebase-functions\\\\lib\\\\index.js\"}}"}}
[debug] [2021-07-11T08:40:44.247Z] [runtime-status] [5824] Resolved module firebase-functions {"declared":true,"installed":true,"version":"3.14.1","resolution":"C:\\Amazon Clone\\amazon-clone\\functions\\node_modules\\firebase-functions\\lib\\index.js"} {"metadata":{"emulator":{"name":"functions"},"function":{"name":"us-central1-api"},"message":"[runtime-status] [5824] Resolved module firebase-functions {\"declared\":true,\"installed\":true,\"version\":\"3.14.1\",\"resolution\":\"C:\\\\Amazon Clone\\\\amazon-clone\\\\functions\\\\node_modules\\\\firebase-functions\\\\lib\\\\index.js\"}"}}
[debug] [2021-07-11T08:40:44.249Z] [runtime-status] [5824] Resolved module firebase-admin {"declared":true,"installed":true,"version":"9.10.0","resolution":"C:\\Amazon Clone\\amazon-clone\\functions\\node_modules\\firebase-admin\\lib\\index.js"} {"metadata":{"emulator":{"name":"functions"},"function":{"name":"us-central1-api"},"message":"[runtime-status] [5824] Resolved module firebase-admin {\"declared\":true,\"installed\":true,\"version\":\"9.10.0\",\"resolution\":\"C:\\\\Amazon Clone\\\\amazon-clone\\\\functions\\\\node_modules\\\\firebase-admin\\\\lib\\\\index.js\"}"}}
[debug] [2021-07-11T08:40:44.250Z] [runtime-status] [5824] Resolved module firebase-functions {"declared":true,"installed":true,"version":"3.14.1","resolution":"C:\\Amazon Clone\\amazon-clone\\functions\\node_modules\\firebase-functions\\lib\\index.js"} {"metadata":{"emulator":{"name":"functions"},"function":{"name":"us-central1-api"},"message":"[runtime-status] [5824] Resolved module firebase-functions {\"declared\":true,\"installed\":true,\"version\":\"3.14.1\",\"resolution\":\"C:\\\\Amazon Clone\\\\amazon-clone\\\\functions\\\\node_modules\\\\firebase-functions\\\\lib\\\\index.js\"}"}}
[debug] [2021-07-11T08:40:44.250Z] [runtime-status] [5824] firebase-admin has been stubbed. {"adminResolution":{"declared":true,"installed":true,"version":"9.10.0","resolution":"C:\\Amazon Clone\\amazon-clone\\functions\\node_modules\\firebase-admin\\lib\\index.js"}} {"metadata":{"emulator":{"name":"functions"},"function":{"name":"us-central1-api"},"message":"[runtime-status] [5824] firebase-admin has been stubbed. {\"adminResolution\":{\"declared\":true,\"installed\":true,\"version\":\"9.10.0\",\"resolution\":\"C:\\\\Amazon Clone\\\\amazon-clone\\\\functions\\\\node_modules\\\\firebase-admin\\\\lib\\\\index.js\"}}"}}
[debug] [2021-07-11T08:40:44.646Z] [runtime-status] [5824] Trigger "us-central1-api" has been found, beginning invocation! {"metadata":{"emulator":{"name":"functions"},"function":{"name":"us-central1-api"},"message":"[runtime-status] [5824] Trigger \"us-central1-api\" has been found, beginning invocation!"}}
[info] i  functions: Beginning execution of "us-central1-api" {"metadata":{"emulator":{"name":"functions"},"function":{"name":"us-central1-api"},"message":"Beginning execution of \"us-central1-api\""}}
[debug] [2021-07-11T08:40:44.648Z] [runtime-status] [5824] triggerDefinition {"httpsTrigger":{},"name":"api","entryPoint":"api","regions":["us-central1"],"region":"us-central1","id":"us-central1-api"} {"metadata":{"emulator":{"name":"functions"},"function":{"name":"us-central1-api"},"message":"[runtime-status] [5824] triggerDefinition {\"httpsTrigger\":{},\"name\":\"api\",\"entryPoint\":\"api\",\"regions\":[\"us-central1\"],\"region\":\"us-central1\",\"id\":\"us-central1-api\"}"}}
[debug] [2021-07-11T08:40:44.648Z] [runtime-status] [5824] Running us-central1-api in mode HTTPS {"metadata":{"emulator":{"name":"functions"},"function":{"name":"us-central1-api"},"message":"[runtime-status] [5824] Running us-central1-api in mode HTTPS"}}
[debug] [2021-07-11T08:40:44.659Z] [runtime-status] [5824] Attempting to listen to socketPath: \\?\pipe\C:\Amazon Clone\amazon-clone\functions\5824 {"metadata":{"emulator":{"name":"functions"},"function":{"name":"us-central1-api"},"message":"[runtime-status] [5824] Attempting to listen to socketPath: \\\\?\\pipe\\C:\\Amazon Clone\\amazon-clone\\functions\\5824"}}
[debug] [2021-07-11T08:40:44.664Z] [functions] Runtime ready! Sending request! {"metadata":{"emulator":{"name":"functions"},"message":"[functions] Runtime ready! Sending request!"}}
[debug] [2021-07-11T08:40:44.665Z] [functions] Got req.url=/challenge-e2edf/us-central1/api/payments/create?total=23900, mapping to path=/payments/create?total=23900 {"metadata":{"emulator":{"name":"functions"},"message":"[functions] Got req.url=/challenge-e2edf/us-central1/api/payments/create?total=23900, mapping to path=/payments/create?total=23900"}}
[debug] [2021-07-11T08:40:44.682Z] [runtime-status] [5824] Ephemeral server handling POST request {"metadata":{"emulator":{"name":"functions"},"function":{"name":"us-central1-api"},"message":"[runtime-status] [5824] Ephemeral server handling POST request"}}
[info] >  Payment Request recieved Boom!!!  for this amount >>>  23900 {"user":"Payment Request recieved Boom!!!  for this amount >>>  23900","metadata":{"emulator":{"name":"functions"},"function":{"name":"us-central1-api"},"message":"\u001b[90m> \u001b[39m Payment Request recieved Boom!!!  for this amount >>>  23900"}}
[debug] [2021-07-11T08:40:44.715Z] [runtime-status] [5824] Ephemeral server survived. {"metadata":{"emulator":{"name":"functions"},"function":{"name":"us-central1-api"},"message":"[runtime-status] [5824] Ephemeral server survived."}}
[info] i  functions: Finished "us-central1-api" in ~1s {"metadata":{"emulator":{"name":"functions"},"function":{"name":"us-central1-api"},"message":"Finished \"us-central1-api\" in ~1s"}}
[debug] [2021-07-11T08:40:45.580Z] [worker-us-central1-api-2932a6e0-f517-48d8-be45-62a311cfef14]: IDLE {"metadata":{"emulator":{"name":"functions"},"message":"[worker-us-central1-api-2932a6e0-f517-48d8-be45-62a311cfef14]: IDLE"}}
[debug] [2021-07-11T08:40:45.581Z] [work-queue] {"queueLength":0,"workRunningCount":1}
[warn] !  functions: Your function timed out after ~60s. To configure this timeout, see
      https://firebase.google.com/docs/functions/manage-functions#set_timeout_and_memory_allocation. {"metadata":{"emulator":{"name":"functions"},"function":{"name":"us-central1-api"},"message":"Your function timed out after ~60s. To configure this timeout, see\n      https://firebase.google.com/docs/functions/manage-functions#set_timeout_and_memory_allocation."}}
[info] >  C:\Users\Shubham\AppData\Roaming\nvm\v14.16.0\node_modules\firebase-tools\lib\emulator\functionsEmulatorRuntime.js:648 {"user":"C:\\Users\\Shubham\\AppData\\Roaming\\nvm\\v14.16.0\\node_modules\\firebase-tools\\lib\\emulator\\functionsEmulatorRuntime.js:648\r","metadata":{"emulator":{"name":"functions"},"function":{"name":"us-central1-api"},"message":"\u001b[90m> \u001b[39m C:\\Users\\Shubham\\AppData\\Roaming\\nvm\\v14.16.0\\node_modules\\firebase-tools\\lib\\emulator\\functionsEmulatorRuntime.js:648\r"}}
[info] >              throw new Error("Function timed out."); {"user":"            throw new Error(\"Function timed out.\");\r","metadata":{"emulator":{"name":"functions"},"function":{"name":"us-central1-api"},"message":"\u001b[90m> \u001b[39m             throw new Error(\"Function timed out.\");\r"}}
[info] >              ^ {"user":"            ^\r","metadata":{"emulator":{"name":"functions"},"function":{"name":"us-central1-api"},"message":"\u001b[90m> \u001b[39m             ^\r"}}
[info] >   {"user":"\r","metadata":{"emulator":{"name":"functions"},"function":{"name":"us-central1-api"},"message":"\u001b[90m> \u001b[39m \r"}}
[info] >  Error: Function timed out. {"user":"Error: Function timed out.\r","metadata":{"emulator":{"name":"functions"},"function":{"name":"us-central1-api"},"message":"\u001b[90m> \u001b[39m Error: Function timed out.\r"}}
[info] >      at Timeout._onTimeout (C:\Users\Shubham\AppData\Roaming\nvm\v14.16.0\node_modules\firebase-tools\lib\emulator\functionsEmulatorRuntime.js:648:19) {"user":"    at Timeout._onTimeout (C:\\Users\\Shubham\\AppData\\Roaming\\nvm\\v14.16.0\\node_modules\\firebase-tools\\lib\\emulator\\functionsEmulatorRuntime.js:648:19)\r","metadata":{"emulator":{"name":"functions"},"function":{"name":"us-central1-api"},"message":"\u001b[90m> \u001b[39m     at Timeout._onTimeout (C:\\Users\\Shubham\\AppData\\Roaming\\nvm\\v14.16.0\\node_modules\\firebase-tools\\lib\\emulator\\functionsEmulatorRuntime.js:648:19)\r"}}
[info] >      at listOnTimeout (internal/timers.js:554:17) {"user":"    at listOnTimeout (internal/timers.js:554:17)\r","metadata":{"emulator":{"name":"functions"},"function":{"name":"us-central1-api"},"message":"\u001b[90m> \u001b[39m     at listOnTimeout (internal/timers.js:554:17)\r"}}
[info] >      at processTimers (internal/timers.js:497:7) {"user":"    at processTimers (internal/timers.js:497:7)\r","metadata":{"emulator":{"name":"functions"},"function":{"name":"us-central1-api"},"message":"\u001b[90m> \u001b[39m     at processTimers (internal/timers.js:497:7)\r"}}
[debug] [2021-07-11T08:41:35.347Z] [worker-us-central1-api-d7f12642-e8c9-4eea-8db5-398271544069]: exited {"metadata":{"emulator":{"name":"functions"},"message":"[worker-us-central1-api-d7f12642-e8c9-4eea-8db5-398271544069]: exited"}}
[debug] [2021-07-11T08:41:35.347Z] [worker-us-central1-api-d7f12642-e8c9-4eea-8db5-398271544069]: FINISHED {"metadata":{"emulator":{"name":"functions"},"message":"[worker-us-central1-api-d7f12642-e8c9-4eea-8db5-398271544069]: FINISHED"}}
[debug] [2021-07-11T08:41:35.348Z] [work-queue] {"queueLength":0,"workRunningCount":0}
[debug] [2021-07-12T05:48:44.351Z] Received signal SIGHUP 1
